
FileVersion:        2

ResolutionOfTime:   Volumes

Experiment:         feedback

BackgroundColor:    0 0 0
TextColor:          255 255 255

TimeCourseColor:    255 255 255
TimeCourseThick:    3
ReferenceFuncColor: 0 0 80
ReferenceFuncThick: 3

NrOfConditions: 3
rest_r
8
    1   20
   41   60
   81  100
  121  140
  161  180
  201  220
  241  260
  281  300
Color: 115 28 249

right
4
   21   40
  101  120
  181  200
  261  280
Color:  15 228  49


left
4
    61   80
   141  160
   221  240
   301  320
Color: 221 76 82




ConditionSequence:   1 2 1 3 1 2 1 3 1 2 1 3 1 2 1 3
PerformanceCriteria: 9 1 9 1 9 1 9 1 9 1 9 1 9 1 9 1 
Down_UP_Regulation:  0 1 0 1 0 1 0 1 0 1 0 1 0 1 0 1
ResponseConditions:  0

