
FileVersion:        2

ResolutionOfTime:   Volumes

Experiment:         feedback

BackgroundColor:    0 0 0
TextColor:          255 255 255

TimeCourseColor:    255 255 255
TimeCourseThick:    3
ReferenceFuncColor: 0 0 80
ReferenceFuncThick: 3

NrOfConditions: 3
rest
6
    1   20
   41   60
   81  100
  121  140
  161  180
  201  220
Color: 115 28 249

Downreg
6
   21   38
   61   78
  101  118
  141  158
  181  198
  221  238
Color:  15 228  49

Feedback
6
    39   40
    79   80
   119  120
   159  160
   199  200
   239  240
Color: 221 76 82

ConditionSequence:   1 2 3 1 2 3 1 2 3 1 2 3 1 2 3 1 2 3
PerformanceCriteria: 9 0 1 9 0 1 9 0 1 9 0 1 9 0 1 9 0 1 
Down_UP_Regulation:  0 1 0 0 1 0 0 1 0 0 1 0 0 1 0 0 1 0
ResponseConditions:  0

