
FileVersion:        2

ResolutionOfTime:   Volumes

Experiment:         feedback

BackgroundColor:    0 0 0
TextColor:          255 255 255

TimeCourseColor:    255 255 255
TimeCourseThick:    3
ReferenceFuncColor: 0 0 80
ReferenceFuncThick: 3

NrOfConditions:  2
rest_r
7
   11   25
   36   50
   61   75
   86   100
   111  125
   136  150
   161  175
Color: 15 28 149

right
6
  26   35
  51   60
  76   85
  101  110
  126  135
  151  160    
Color: 15 228 49

ConditionSequence:   1 2 1 2 1 2 1 2 1 2 1 2 1
PerformanceCriteria: 9 1 9 1 9 1 9 1 9 1 9 1 9
Down_UP_Regulation:  0 1 0 1 0 1 0 1 0 1 0 1 0
ResponseConditions:  0
Initial_Rest:10
BCI_file: 