
FileVersion:        2

ResolutionOfTime:   Volumes

Experiment:         feedback

BackgroundColor:    0 0 0
TextColor:          255 255 255

TimeCourseColor:    255 255 255
TimeCourseThick:    3
ReferenceFuncColor: 0 0 80
ReferenceFuncThick: 3

NrOfConditions:  4
baseline
12
   11   13
   23   25
   34   36
   47   49
   59   61
   70   72
   81   83
   92   94
   105  107
   118  120
   130  132
   142  144
Color:  4 86 176

pre_move
12
   14   16
   26   27
   37   40
   50   52
   62   63
   73   74
   84   85
   95   98
   108  111
   121  123
   133  135
   145  148
Color: 61 137 43

move
12
   17   19
   28   30
   41   43
   53   55
   64   66
   75   77
   86   88
   99   101
   112  114
   124  126
   136  138
   149  151
Color: 255 137 43

baseline_rest
12
   20   22
   31   33
   44   46
   56   58
   67   69
   78   80
   89   91
   102  104
   115  117
   127  129
   139  141
   152  154
Color:  4 86 176

ConditionSequence:   1 2 3 4 1 2 3 4 1 2 3 4 1 2 3 4 1 2 3 4 1 2 3 4 1 2 3 4 1 2 3 4 1 2 3 4 1 2 3 4 1 2 3 4 1 2 3 4 
PerformanceCriteria: 9 1 0 0 9 1 0 0 9 1 0 0 9 1 0 0 9 1 0 0 9 1 0 0 9 1 0 0 9 1 0 0 9 1 0 0 9 1 0 0 9 1 0 0 9 1 0 0
Down_UP_Regulation:  0 1 0 0 0 1 0 0 0 1 0 0 0 1 0 0 0 1 0 0 0 1 0 0 0 1 0 0 0 1 0 0 0 1 0 0 0 1 0 0 0 1 0 0 0 1 0 0
Thermo_image_seq:    0 0 0 0 0 0 0 0 0 0 0 0 0 0 0 0 0 0 0 0 0 0 0 0 0 0 0 0 0 0 0 0 0 0 0 0 0 0 0 0 0 0 0 0 0 0 0 0
ResponseConditions:  0
Initial_Rest:10
BCI_file: localizer_reward.bci
