
FileVersion:        2

ResolutionOfTime:   Volumes

Experiment:         feedback

BackgroundColor:    0 0 0
TextColor:          255 255 255

TimeCourseColor:    255 255 255
TimeCourseThick:    3
ReferenceFuncColor: 0 0 80
ReferenceFuncThick: 3

NrOfConditions:  2

rest_r
7
   11   25
   41   55
   71   85
   101  115
   131  145
   161  175
   191  205
Color: 4 86 176

right
6
  26   40
  56   70
  86   100
  116  130
  146  160
  176  190    
Color: 61 137 43

ConditionSequence:   1 2 1 2 1 2 1 2 1 2 1 2 1
PerformanceCriteria: 9 1 9 1 9 1 9 1 9 1 9 1 9
Down_UP_Regulation:  0 1 0 1 0 1 0 1 0 1 0 1 0
Thermo_image_seq:    1 1 1 1 1 1 1 1 1 1 1 1 1 
ResponseConditions:  0
Initial_Rest:10
BCI_file: 

