
FileVersion:        2

ResolutionOfTime:   Volumes

Experiment:         feedback

BackgroundColor:    0 0 0
TextColor:          255 255 255

TimeCourseColor:    255 255 255
TimeCourseThick:    3
ReferenceFuncColor: 0 0 80
ReferenceFuncThick: 3

NrOfConditions:  2

rest_r
6
   11   40
   71   100
  131   160
  191   220
  251   280
  311   340
Color: 4 86 176

right
6
  41   70
  101  130
  161  190
  221  250
  281  310
  341  370    
Color: 61 137 43

ConditionSequence:   1 2 1 2 1 2 1 2 1 2 1 2  
PerformanceCriteria: 9 1 9 1 9 1 9 1 9 1 9 1  
Down_UP_Regulation:  0 1 0 1 0 1 0 1 0 1 0 1  
Thermo_image_seq:    1 1 1 1 1 1 1 1 1 1 1 1  
ResponseConditions:  0
Initial_Rest:10
BCI_file: 

